<?xml version="1.0" encoding="UTF-8"?>
<!-- Generated by org.testng.reporters.JUnitXMLReporter -->
<testsuite hostname="bcsdesk-amarnath" name="chromeTest" tests="0" failures="0" timestamp="21 Mar 2017 09:15:14 GMT" time="17.274" errors="0">
  <testcase name="@AfterTest afterTest" time="0.0" classname="verifyTest.ScreenTest">
    <failure type="java.lang.NullPointerException">
      <![CDATA[java.lang.NullPointerException
	at verifyTest.ScreenTest.afterTest(ScreenTest.java:23)
	at java.util.concurrent.FutureTask.run(Unknown Source)
	at java.util.concurrent.ThreadPoolExecutor.runWorker(Unknown Source)
	at java.util.concurrent.ThreadPoolExecutor$Worker.run(Unknown Source)
	at java.lang.Thread.run(Unknown Source)
... Removed 14 stack frames]]>
    </failure>
  </testcase> <!-- @AfterTest afterTest -->
</testsuite> <!-- chromeTest -->
