<?xml version="1.0" encoding="UTF-8"?>
<testng-results skipped="0" failed="0" total="3" passed="3">
  <reporter-output>
  </reporter-output>
  <suite name="Parallel test suite" duration-ms="27013" started-at="2017-03-21T06:28:35Z" finished-at="2017-03-21T06:29:02Z">
    <groups>
    </groups>
    <test name="IETest" duration-ms="9037" started-at="2017-03-21T06:28:35Z" finished-at="2017-03-21T06:28:44Z">
      <class name="verifyTest.ScreenTest">
        <test-method status="PASS" signature="TesttoFail(java.lang.String)[pri:0, instance:verifyTest.ScreenTest@42dafa95]" name="TesttoFail" duration-ms="8989" started-at="2017-03-21T11:58:35Z" finished-at="2017-03-21T11:58:44Z">
          <params>
            <param index="0">
              <value>
                <![CDATA[IE]]>
              </value>
            </param>
          </params>
          <reporter-output>
          </reporter-output>
        </test-method> <!-- TesttoFail -->
      </class> <!-- verifyTest.ScreenTest -->
    </test> <!-- IETest -->
    <test name="chromeTest" duration-ms="22294" started-at="2017-03-21T06:28:35Z" finished-at="2017-03-21T06:28:57Z">
      <class name="verifyTest.ScreenTest">
        <test-method status="PASS" signature="TesttoFail(java.lang.String)[pri:0, instance:verifyTest.ScreenTest@3c0ecd4b]" name="TesttoFail" duration-ms="22219" started-at="2017-03-21T11:58:35Z" finished-at="2017-03-21T11:58:57Z">
          <params>
            <param index="0">
              <value>
                <![CDATA[chrome]]>
              </value>
            </param>
          </params>
          <reporter-output>
          </reporter-output>
        </test-method> <!-- TesttoFail -->
      </class> <!-- verifyTest.ScreenTest -->
    </test> <!-- chromeTest -->
    <test name="firefoxTest" duration-ms="27013" started-at="2017-03-21T06:28:35Z" finished-at="2017-03-21T06:29:02Z">
      <class name="verifyTest.ScreenTest">
        <test-method status="PASS" signature="TesttoFail(java.lang.String)[pri:0, instance:verifyTest.ScreenTest@66a3ffec]" name="TesttoFail" duration-ms="26878" started-at="2017-03-21T11:58:35Z" finished-at="2017-03-21T11:59:02Z">
          <params>
            <param index="0">
              <value>
                <![CDATA[firefox]]>
              </value>
            </param>
          </params>
          <reporter-output>
          </reporter-output>
        </test-method> <!-- TesttoFail -->
      </class> <!-- verifyTest.ScreenTest -->
    </test> <!-- firefoxTest -->
  </suite> <!-- Parallel test suite -->
</testng-results>
